<?xml version="1.0" encoding="UTF-8"?>
<testsuite xmlns:xsi="http://www.w3.org/2001/XMLSchema-instance" xsi:noNamespaceSchemaLocation="https://maven.apache.org/surefire/maven-surefire-plugin/xsd/surefire-test-report.xsd" name="com.xhl.TestDemo" time="3.061" tests="1" errors="0" skipped="0" failures="0">
  <properties>
    <property name="sun.desktop" value="windows"/>
    <property name="awt.toolkit" value="sun.awt.windows.WToolkit"/>
    <property name="java.specification.version" value="9"/>
    <property name="file.encoding.pkg" value="sun.io"/>
    <property name="sun.cpu.isalist" value="amd64"/>
    <property name="sun.jnu.encoding" value="GBK"/>
    <property name="java.class.path" value="D:\IdeaProjects\spring_study\zhihu\zhihu\target\test-classes;D:\IdeaProjects\spring_study\zhihu\zhihu\target\classes;D:\Program Files\apache-maven-3.6.3-bin\apache-maven-3.6.3\repository\junit\junit\4.12\junit-4.12.jar;D:\Program Files\apache-maven-3.6.3-bin\apache-maven-3.6.3\repository\org\hamcrest\hamcrest-core\1.3\hamcrest-core-1.3.jar;D:\Program Files\apache-maven-3.6.3-bin\apache-maven-3.6.3\repository\org\springframework\spring-context\4.3.19.RELEASE\spring-context-4.3.19.RELEASE.jar;D:\Program Files\apache-maven-3.6.3-bin\apache-maven-3.6.3\repository\org\springframework\spring-beans\4.3.19.RELEASE\spring-beans-4.3.19.RELEASE.jar;D:\Program Files\apache-maven-3.6.3-bin\apache-maven-3.6.3\repository\org\springframework\spring-core\4.3.19.RELEASE\spring-core-4.3.19.RELEASE.jar;D:\Program Files\apache-maven-3.6.3-bin\apache-maven-3.6.3\repository\commons-logging\commons-logging\1.2\commons-logging-1.2.jar;D:\Program Files\apache-maven-3.6.3-bin\apache-maven-3.6.3\repository\org\springframework\spring-expression\4.3.19.RELEASE\spring-expression-4.3.19.RELEASE.jar;D:\Program Files\apache-maven-3.6.3-bin\apache-maven-3.6.3\repository\org\springframework\spring-test\4.3.9.RELEASE\spring-test-4.3.9.RELEASE.jar;D:\Program Files\apache-maven-3.6.3-bin\apache-maven-3.6.3\repository\javax\annotation\javax.annotation-api\1.3.1\javax.annotation-api-1.3.1.jar;D:\Program Files\apache-maven-3.6.3-bin\apache-maven-3.6.3\repository\org\springframework\spring-jdbc\4.3.19.RELEASE\spring-jdbc-4.3.19.RELEASE.jar;D:\Program Files\apache-maven-3.6.3-bin\apache-maven-3.6.3\repository\org\springframework\spring-tx\4.3.19.RELEASE\spring-tx-4.3.19.RELEASE.jar;D:\Program Files\apache-maven-3.6.3-bin\apache-maven-3.6.3\repository\mysql\mysql-connector-java\8.0.18\mysql-connector-java-8.0.18.jar;D:\Program Files\apache-maven-3.6.3-bin\apache-maven-3.6.3\repository\com\google\protobuf\protobuf-java\3.6.1\protobuf-java-3.6.1.jar;D:\Program Files\apache-maven-3.6.3-bin\apache-maven-3.6.3\repository\org\springframework\spring-aop\4.3.19.RELEASE\spring-aop-4.3.19.RELEASE.jar;D:\Program Files\apache-maven-3.6.3-bin\apache-maven-3.6.3\repository\org\springframework\spring-aspects\4.3.19.RELEASE\spring-aspects-4.3.19.RELEASE.jar;D:\Program Files\apache-maven-3.6.3-bin\apache-maven-3.6.3\repository\org\aspectj\aspectjweaver\1.8.9\aspectjweaver-1.8.9.jar;D:\Program Files\apache-maven-3.6.3-bin\apache-maven-3.6.3\repository\org\springframework\spring-web\4.3.19.RELEASE\spring-web-4.3.19.RELEASE.jar;D:\Program Files\apache-maven-3.6.3-bin\apache-maven-3.6.3\repository\org\springframework\spring-webmvc\4.3.19.RELEASE\spring-webmvc-4.3.19.RELEASE.jar;"/>
    <property name="java.vm.vendor" value="Oracle Corporation"/>
    <property name="sun.arch.data.model" value="64"/>
    <property name="user.variant" value=""/>
    <property name="java.vendor.url" value="http://java.oracle.com/"/>
    <property name="user.timezone" value="Asia/Shanghai"/>
    <property name="java.vm.specification.version" value="9"/>
    <property name="os.name" value="Windows 10"/>
    <property name="sun.java.launcher" value="SUN_STANDARD"/>
    <property name="user.country" value="CN"/>
    <property name="sun.boot.library.path" value="C:\Program Files\Java\jdk-9.0.1\bin"/>
    <property name="sun.java.command" value="C:\Users\19028\AppData\Local\Temp\surefire2197214660547428663\surefirebooter8938981269759315274.jar C:\Users\19028\AppData\Local\Temp\surefire2197214660547428663 2021-02-07T12-05-43_748-jvmRun1 surefire10144865312344816432tmp surefire_04673012421089468325tmp"/>
    <property name="jdk.debug" value="release"/>
    <property name="surefire.test.class.path" value="D:\IdeaProjects\spring_study\zhihu\zhihu\target\test-classes;D:\IdeaProjects\spring_study\zhihu\zhihu\target\classes;D:\Program Files\apache-maven-3.6.3-bin\apache-maven-3.6.3\repository\junit\junit\4.12\junit-4.12.jar;D:\Program Files\apache-maven-3.6.3-bin\apache-maven-3.6.3\repository\org\hamcrest\hamcrest-core\1.3\hamcrest-core-1.3.jar;D:\Program Files\apache-maven-3.6.3-bin\apache-maven-3.6.3\repository\org\springframework\spring-context\4.3.19.RELEASE\spring-context-4.3.19.RELEASE.jar;D:\Program Files\apache-maven-3.6.3-bin\apache-maven-3.6.3\repository\org\springframework\spring-beans\4.3.19.RELEASE\spring-beans-4.3.19.RELEASE.jar;D:\Program Files\apache-maven-3.6.3-bin\apache-maven-3.6.3\repository\org\springframework\spring-core\4.3.19.RELEASE\spring-core-4.3.19.RELEASE.jar;D:\Program Files\apache-maven-3.6.3-bin\apache-maven-3.6.3\repository\commons-logging\commons-logging\1.2\commons-logging-1.2.jar;D:\Program Files\apache-maven-3.6.3-bin\apache-maven-3.6.3\repository\org\springframework\spring-expression\4.3.19.RELEASE\spring-expression-4.3.19.RELEASE.jar;D:\Program Files\apache-maven-3.6.3-bin\apache-maven-3.6.3\repository\org\springframework\spring-test\4.3.9.RELEASE\spring-test-4.3.9.RELEASE.jar;D:\Program Files\apache-maven-3.6.3-bin\apache-maven-3.6.3\repository\javax\annotation\javax.annotation-api\1.3.1\javax.annotation-api-1.3.1.jar;D:\Program Files\apache-maven-3.6.3-bin\apache-maven-3.6.3\repository\org\springframework\spring-jdbc\4.3.19.RELEASE\spring-jdbc-4.3.19.RELEASE.jar;D:\Program Files\apache-maven-3.6.3-bin\apache-maven-3.6.3\repository\org\springframework\spring-tx\4.3.19.RELEASE\spring-tx-4.3.19.RELEASE.jar;D:\Program Files\apache-maven-3.6.3-bin\apache-maven-3.6.3\repository\mysql\mysql-connector-java\8.0.18\mysql-connector-java-8.0.18.jar;D:\Program Files\apache-maven-3.6.3-bin\apache-maven-3.6.3\repository\com\google\protobuf\protobuf-java\3.6.1\protobuf-java-3.6.1.jar;D:\Program Files\apache-maven-3.6.3-bin\apache-maven-3.6.3\repository\org\springframework\spring-aop\4.3.19.RELEASE\spring-aop-4.3.19.RELEASE.jar;D:\Program Files\apache-maven-3.6.3-bin\apache-maven-3.6.3\repository\org\springframework\spring-aspects\4.3.19.RELEASE\spring-aspects-4.3.19.RELEASE.jar;D:\Program Files\apache-maven-3.6.3-bin\apache-maven-3.6.3\repository\org\aspectj\aspectjweaver\1.8.9\aspectjweaver-1.8.9.jar;D:\Program Files\apache-maven-3.6.3-bin\apache-maven-3.6.3\repository\org\springframework\spring-web\4.3.19.RELEASE\spring-web-4.3.19.RELEASE.jar;D:\Program Files\apache-maven-3.6.3-bin\apache-maven-3.6.3\repository\org\springframework\spring-webmvc\4.3.19.RELEASE\spring-webmvc-4.3.19.RELEASE.jar;"/>
    <property name="sun.cpu.endian" value="little"/>
    <property name="user.home" value="C:\Users\19028"/>
    <property name="user.language" value="zh"/>
    <property name="java.specification.vendor" value="Oracle Corporation"/>
    <property name="java.home" value="C:\Program Files\Java\jdk-9.0.1"/>
    <property name="file.separator" value="\"/>
    <property name="basedir" value="D:\IdeaProjects\spring_study\zhihu\zhihu"/>
    <property name="java.vm.compressedOopsMode" value="32-bit"/>
    <property name="line.separator" value="&#10;"/>
    <property name="java.vm.specification.vendor" value="Oracle Corporation"/>
    <property name="java.specification.name" value="Java Platform API Specification"/>
    <property name="java.awt.graphicsenv" value="sun.awt.Win32GraphicsEnvironment"/>
    <property name="idea.version2020.1.3" value="true"/>
    <property name="surefire.real.class.path" value="C:\Users\19028\AppData\Local\Temp\surefire2197214660547428663\surefirebooter8938981269759315274.jar"/>
    <property name="user.script" value=""/>
    <property name="sun.management.compiler" value="HotSpot 64-Bit Tiered Compilers"/>
    <property name="java.runtime.version" value="9.0.1+11"/>
    <property name="user.name" value="zero"/>
    <property name="path.separator" value=";"/>
    <property name="os.version" value="10.0"/>
    <property name="java.runtime.name" value="Java(TM) SE Runtime Environment"/>
    <property name="file.encoding" value="GBK"/>
    <property name="java.vm.name" value="Java HotSpot(TM) 64-Bit Server VM"/>
    <property name="localRepository" value="D:\Program Files\apache-maven-3.6.3-bin\apache-maven-3.6.3\repository"/>
    <property name="java.vendor.url.bug" value="http://bugreport.java.com/bugreport/"/>
    <property name="java.io.tmpdir" value="C:\Users\19028\AppData\Local\Temp\"/>
    <property name="java.version" value="9.0.1"/>
    <property name="user.dir" value="D:\IdeaProjects\spring_study\zhihu\zhihu"/>
    <property name="os.arch" value="amd64"/>
    <property name="java.vm.specification.name" value="Java Virtual Machine Specification"/>
    <property name="java.awt.printerjob" value="sun.awt.windows.WPrinterJob"/>
    <property name="sun.os.patch.level" value=""/>
    <property name="java.library.path" value="C:\Program Files\Java\jdk-9.0.1\bin;C:\WINDOWS\Sun\Java\bin;C:\WINDOWS\system32;C:\WINDOWS;C:\Program Files\Java\jdk-9.0.1\bin;C:\Program Files\Java\jre-9.0.1\bin;C:\ProgramData\Anaconda3;C:\ProgramData\Anaconda3\Library\mingw-w64\bin;C:\ProgramData\Anaconda3\Library\usr\bin;C:\ProgramData\Anaconda3\Library\bin;C:\ProgramData\Anaconda3\Scripts;C:\ProgramData\Oracle\Java\javapath;C:\Windows\system32;C:\Windows;C:\Windows\System32\Wbem;C:\Windows\System32\WindowsPowerShell\v1.0\;C:\Program Files (x86)\NVIDIA Corporation\PhysX\Common;C:\Program Files\Intel\WiFi\bin\;C:\Program Files\Common Files\Intel\WirelessCommon\;C:\WINDOWS\system32;C:\WINDOWS;C:\WINDOWS\System32\Wbem;C:\WINDOWS\System32\WindowsPowerShell\v1.0\;C:\Android\Java\jie1.6.0_39\bin;C:\WINDOWS\System32\OpenSSH\;C:\gnuwin32\bin;C:\MinGW\bin;C:\Program Files\MySQL\mysql-8.0.18-winx64\bin;C:\AndroidSDK\platform-tools\;C:\Program Files\Git\cmd;C:\Users\19028\AppData\Local\Microsoft\WindowsApps;C:\Users\19028\AppData\Local\Programs\Microsoft VS Code\bin;C:\Users\19028\AppData\Local\JetBrains\PyCharm Community Edition 2019.3.3\bin;;D:\Program Files\JetBrains\IntelliJ IDEA 2020.1.3\bin;;C:\Users\19028\AppData\Local\GitHubDesktop\bin;."/>
    <property name="java.vm.info" value="mixed mode"/>
    <property name="java.vendor" value="Oracle Corporation"/>
    <property name="java.vm.version" value="9.0.1+11"/>
    <property name="sun.io.unicode.encoding" value="UnicodeLittle"/>
    <property name="java.class.version" value="53.0"/>
  </properties>
  <testcase name="test1" classname="com.xhl.TestDemo" time="1.334"/>
</testsuite>